# JRE version: OpenJDK Runtime Environment (8.0_242-b01) (build 1.8.0_242-release-1644-b01)
# Java VM: OpenJDK 64-Bit Server VM (25.242-b01 mixed mode windows-amd64 compressed oops)
Heap:
 PSYoungGen      total 115712K, used 61597K [0x00000000e0000000, 0x00000000e9300000, 0x0000000100000000)
  eden space 105984K, 52% used [0x00000000e0000000,0x00000000e36d5e40,0x00000000e6780000)
  from space 9728K, 55% used [0x00000000e6780000,0x00000000e6cd1838,0x00000000e7100000)
  to   space 9728K, 0% used [0x00000000e8980000,0x00000000e8980000,0x00000000e9300000)
 ParOldGen       total 55808K, used 15473K [0x00000000a0000000, 0x00000000a3680000, 0x00000000e0000000)
  object space 55808K, 27% used [0x00000000a0000000,0x00000000a0f1c710,0x00000000a3680000)
 Metaspace       used 43494K, capacity 45180K, committed 45440K, reserved 1089536K
  class space    used 5860K, capacity 6223K, committed 6272K, reserved 1048576K
GC Heap History (10 events):
Event: 10.734 GC heap before
{Heap before GC invocations=11 (full 1):
 PSYoungGen      total 68096K, used 60928K [0x00000000e0000000, 0x00000000e6f80000, 0x0000000100000000)
  eden space 60928K, 100% used [0x00000000e0000000,0x00000000e3b80000,0x00000000e3b80000)
  from space 7168K, 0% used [0x00000000e3b80000,0x00000000e3b80000,0x00000000e4280000)
  to   space 8192K, 0% used [0x00000000e6780000,0x00000000e6780000,0x00000000e6f80000)
 ParOldGen       total 35840K, used 10499K [0x00000000a0000000, 0x00000000a2300000, 0x00000000e0000000)
  object space 35840K, 29% used [0x00000000a0000000,0x00000000a0a40f18,0x00000000a2300000)
 Metaspace       used 28019K, capacity 28876K, committed 29056K, reserved 1075200K
  class space    used 3930K, capacity 4178K, committed 4224K, reserved 1048576K
Event: 10.749 GC heap after
Heap after GC invocations=11 (full 1):
 PSYoungGen      total 88576K, used 7595K [0x00000000e0000000, 0x00000000e6f00000, 0x0000000100000000)
  eden space 80896K, 0% used [0x00000000e0000000,0x00000000e0000000,0x00000000e4f00000)
  from space 7680K, 98% used [0x00000000e6780000,0x00000000e6eeaf08,0x00000000e6f00000)
  to   space 8704K, 0% used [0x00000000e5e00000,0x00000000e5e00000,0x00000000e6680000)
 ParOldGen       total 35840K, used 10507K [0x00000000a0000000, 0x00000000a2300000, 0x00000000e0000000)
  object space 35840K, 29% used [0x00000000a0000000,0x00000000a0a42f18,0x00000000a2300000)
 Metaspace       used 28019K, capacity 28876K, committed 29056K, reserved 1075200K
  class space    used 3930K, capacity 4178K, committed 4224K, reserved 1048576K
}
Event: 13.338 GC heap before
{Heap before GC invocations=12 (full 1):
 PSYoungGen      total 88576K, used 88491K [0x00000000e0000000, 0x00000000e6f00000, 0x0000000100000000)
  eden space 80896K, 100% used [0x00000000e0000000,0x00000000e4f00000,0x00000000e4f00000)
  from space 7680K, 98% used [0x00000000e6780000,0x00000000e6eeaf08,0x00000000e6f00000)
  to   space 8704K, 0% used [0x00000000e5e00000,0x00000000e5e00000,0x00000000e6680000)
 ParOldGen       total 35840K, used 10507K [0x00000000a0000000, 0x00000000a2300000, 0x00000000e0000000)
  object space 35840K, 29% used [0x00000000a0000000,0x00000000a0a42f18,0x00000000a2300000)
 Metaspace       used 33376K, capacity 34284K, committed 34560K, reserved 1079296K
  class space    used 4532K, capacity 4754K, committed 4864K, reserved 1048576K
Event: 13.358 GC heap after
Heap after GC invocations=12 (full 1):
 PSYoungGen      total 104960K, used 7930K [0x00000000e0000000, 0x00000000e7a80000, 0x0000000100000000)
  eden space 96256K, 0% used [0x00000000e0000000,0x00000000e0000000,0x00000000e5e00000)
  from space 8704K, 91% used [0x00000000e5e00000,0x00000000e65beaa0,0x00000000e6680000)
  to   space 9728K, 0% used [0x00000000e7100000,0x00000000e7100000,0x00000000e7a80000)
 ParOldGen       total 35840K, used 13543K [0x00000000a0000000, 0x00000000a2300000, 0x00000000e0000000)
  object space 35840K, 37% used [0x00000000a0000000,0x00000000a0d39dc0,0x00000000a2300000)
 Metaspace       used 33376K, capacity 34284K, committed 34560K, reserved 1079296K
  class space    used 4532K, capacity 4754K, committed 4864K, reserved 1048576K
}
Event: 13.848 GC heap before
{Heap before GC invocations=13 (full 1):
 PSYoungGen      total 104960K, used 29521K [0x00000000e0000000, 0x00000000e7a80000, 0x0000000100000000)
  eden space 96256K, 22% used [0x00000000e0000000,0x00000000e15159d0,0x00000000e5e00000)
  from space 8704K, 91% used [0x00000000e5e00000,0x00000000e65beaa0,0x00000000e6680000)
  to   space 9728K, 0% used [0x00000000e7100000,0x00000000e7100000,0x00000000e7a80000)
 ParOldGen       total 35840K, used 13543K [0x00000000a0000000, 0x00000000a2300000, 0x00000000e0000000)
  object space 35840K, 37% used [0x00000000a0000000,0x00000000a0d39dc0,0x00000000a2300000)
 Metaspace       used 34309K, capacity 35350K, committed 35456K, reserved 1079296K
  class space    used 4690K, capacity 4930K, committed 4992K, reserved 1048576K
Event: 13.862 GC heap after
Heap after GC invocations=13 (full 1):
 PSYoungGen      total 115712K, used 1499K [0x00000000e0000000, 0x00000000e9280000, 0x0000000100000000)
  eden space 105984K, 0% used [0x00000000e0000000,0x00000000e0000000,0x00000000e6780000)
  from space 9728K, 15% used [0x00000000e7100000,0x00000000e7276fe0,0x00000000e7a80000)
  to   space 9728K, 0% used [0x00000000e6780000,0x00000000e6780000,0x00000000e7100000)
 ParOldGen       total 35840K, used 17811K [0x00000000a0000000, 0x00000000a2300000, 0x00000000e0000000)
  object space 35840K, 49% used [0x00000000a0000000,0x00000000a1164cf0,0x00000000a2300000)
 Metaspace       used 34309K, capacity 35350K, committed 35456K, reserved 1079296K
  class space    used 4690K, capacity 4930K, committed 4992K, reserved 1048576K
}
Event: 13.862 GC heap before
{Heap before GC invocations=14 (full 2):
 PSYoungGen      total 115712K, used 1499K [0x00000000e0000000, 0x00000000e9280000, 0x0000000100000000)
  eden space 105984K, 0% used [0x00000000e0000000,0x00000000e0000000,0x00000000e6780000)
  from space 9728K, 15% used [0x00000000e7100000,0x00000000e7276fe0,0x00000000e7a80000)
  to   space 9728K, 0% used [0x00000000e6780000,0x00000000e6780000,0x00000000e7100000)
 ParOldGen       total 35840K, used 17811K [0x00000000a0000000, 0x00000000a2300000, 0x00000000e0000000)
  object space 35840K, 49% used [0x00000000a0000000,0x00000000a1164cf0,0x00000000a2300000)
 Metaspace       used 34309K, capacity 35350K, committed 35456K, reserved 1079296K
  class space    used 4690K, capacity 4930K, committed 4992K, reserved 1048576K
Event: 14.009 GC heap after
Heap after GC invocations=14 (full 2):
 PSYoungGen      total 115712K, used 0K [0x00000000e0000000, 0x00000000e9280000, 0x0000000100000000)
  eden space 105984K, 0% used [0x00000000e0000000,0x00000000e0000000,0x00000000e6780000)
  from space 9728K, 0% used [0x00000000e7100000,0x00000000e7100000,0x00000000e7a80000)
  to   space 9728K, 0% used [0x00000000e6780000,0x00000000e6780000,0x00000000e7100000)
 ParOldGen       total 55808K, used 15465K [0x00000000a0000000, 0x00000000a3680000, 0x00000000e0000000)
  object space 55808K, 27% used [0x00000000a0000000,0x00000000a0f1a710,0x00000000a3680000)
 Metaspace       used 34309K, capacity 35350K, committed 35456K, reserved 1079296K
  class space    used 4690K, capacity 4930K, committed 4992K, reserved 1048576K
}
Event: 18.220 GC heap before
{Heap before GC invocations=15 (full 2):
 PSYoungGen      total 115712K, used 105984K [0x00000000e0000000, 0x00000000e9280000, 0x0000000100000000)
  eden space 105984K, 100% used [0x00000000e0000000,0x00000000e6780000,0x00000000e6780000)
  from space 9728K, 0% used [0x00000000e7100000,0x00000000e7100000,0x00000000e7a80000)
  to   space 9728K, 0% used [0x00000000e6780000,0x00000000e6780000,0x00000000e7100000)
 ParOldGen       total 55808K, used 15465K [0x00000000a0000000, 0x00000000a3680000, 0x00000000e0000000)
  object space 55808K, 27% used [0x00000000a0000000,0x00000000a0f1a710,0x00000000a3680000)
 Metaspace       used 37486K, capacity 39082K, committed 39296K, reserved 1083392K
  class space    used 5123K, capacity 5499K, committed 5504K, reserved 1048576K
Event: 18.233 GC heap after
Heap after GC invocations=15 (full 2):
 PSYoungGen      total 115712K, used 5446K [0x00000000e0000000, 0x00000000e9300000, 0x0000000100000000)
  eden space 105984K, 0% used [0x00000000e0000000,0x00000000e0000000,0x00000000e6780000)
  from space 9728K, 55% used [0x00000000e6780000,0x00000000e6cd1838,0x00000000e7100000)
  to   space 9728K, 0% used [0x00000000e8980000,0x00000000e8980000,0x00000000e9300000)
 ParOldGen       total 55808K, used 15473K [0x00000000a0000000, 0x00000000a3680000, 0x00000000e0000000)
  object space 55808K, 27% used [0x00000000a0000000,0x00000000a0f1c710,0x00000000a3680000)
 Metaspace       used 37486K, capacity 39082K, committed 39296K, reserved 1083392K
  class space    used 5123K, capacity 5499K, committed 5504K, reserved 1048576K
}

