# JRE version: OpenJDK Runtime Environment (8.0_242-b01) (build 1.8.0_242-release-1644-b01)
# Java VM: OpenJDK 64-Bit Server VM (25.242-b01 mixed mode windows-amd64 compressed oops)
Heap:
 PSYoungGen      total 134144K, used 108249K [0x00000000e0000000, 0x00000000e8c00000, 0x0000000100000000)
  eden space 124928K, 86% used [0x00000000e0000000,0x00000000e69b6790,0x00000000e7a00000)
  from space 9216K, 0% used [0x00000000e8300000,0x00000000e8300000,0x00000000e8c00000)
  to   space 9216K, 0% used [0x00000000e7a00000,0x00000000e7a00000,0x00000000e8300000)
 ParOldGen       total 36864K, used 10117K [0x00000000a0000000, 0x00000000a2400000, 0x00000000e0000000)
  object space 36864K, 27% used [0x00000000a0000000,0x00000000a09e16e0,0x00000000a2400000)
 Metaspace       used 31288K, capacity 32194K, committed 32512K, reserved 1077248K
  class space    used 4294K, capacity 4541K, committed 4608K, reserved 1048576K
GC Heap History (10 events):
Event: 6.182 GC heap before
{Heap before GC invocations=5 (full 0):
 PSYoungGen      total 34304K, used 34288K [0x00000000e0000000, 0x00000000e2400000, 0x0000000100000000)
  eden space 31744K, 100% used [0x00000000e0000000,0x00000000e1f00000,0x00000000e1f00000)
  from space 2560K, 99% used [0x00000000e2180000,0x00000000e23fc010,0x00000000e2400000)
  to   space 2560K, 0% used [0x00000000e1f00000,0x00000000e1f00000,0x00000000e2180000)
 ParOldGen       total 42496K, used 1614K [0x00000000a0000000, 0x00000000a2980000, 0x00000000e0000000)
  object space 42496K, 3% used [0x00000000a0000000,0x00000000a0193808,0x00000000a2980000)
 Metaspace       used 11251K, capacity 11554K, committed 11904K, reserved 1058816K
  class space    used 1470K, capacity 1573K, committed 1664K, reserved 1048576K
Event: 6.195 GC heap after
Heap after GC invocations=5 (full 0):
 PSYoungGen      total 34304K, used 2528K [0x00000000e0000000, 0x00000000e4900000, 0x0000000100000000)
  eden space 31744K, 0% used [0x00000000e0000000,0x00000000e0000000,0x00000000e1f00000)
  from space 2560K, 98% used [0x00000000e1f00000,0x00000000e2178020,0x00000000e2180000)
  to   space 5632K, 0% used [0x00000000e4380000,0x00000000e4380000,0x00000000e4900000)
 ParOldGen       total 42496K, used 4752K [0x00000000a0000000, 0x00000000a2980000, 0x00000000e0000000)
  object space 42496K, 11% used [0x00000000a0000000,0x00000000a04a4158,0x00000000a2980000)
 Metaspace       used 11251K, capacity 11554K, committed 11904K, reserved 1058816K
  class space    used 1470K, capacity 1573K, committed 1664K, reserved 1048576K
}
Event: 7.247 GC heap before
{Heap before GC invocations=6 (full 0):
 PSYoungGen      total 34304K, used 34272K [0x00000000e0000000, 0x00000000e4900000, 0x0000000100000000)
  eden space 31744K, 100% used [0x00000000e0000000,0x00000000e1f00000,0x00000000e1f00000)
  from space 2560K, 98% used [0x00000000e1f00000,0x00000000e2178020,0x00000000e2180000)
  to   space 5632K, 0% used [0x00000000e4380000,0x00000000e4380000,0x00000000e4900000)
 ParOldGen       total 42496K, used 4752K [0x00000000a0000000, 0x00000000a2980000, 0x00000000e0000000)
  object space 42496K, 11% used [0x00000000a0000000,0x00000000a04a4158,0x00000000a2980000)
 Metaspace       used 13992K, capacity 14476K, committed 14720K, reserved 1062912K
  class space    used 1924K, capacity 2068K, committed 2176K, reserved 1048576K
Event: 7.264 GC heap after
Heap after GC invocations=6 (full 0):
 PSYoungGen      total 68096K, used 5604K [0x00000000e0000000, 0x00000000e4b00000, 0x0000000100000000)
  eden space 62464K, 0% used [0x00000000e0000000,0x00000000e0000000,0x00000000e3d00000)
  from space 5632K, 99% used [0x00000000e4380000,0x00000000e48f9238,0x00000000e4900000)
  to   space 6656K, 0% used [0x00000000e3d00000,0x00000000e3d00000,0x00000000e4380000)
 ParOldGen       total 42496K, used 5106K [0x00000000a0000000, 0x00000000a2980000, 0x00000000e0000000)
  object space 42496K, 12% used [0x00000000a0000000,0x00000000a04fca28,0x00000000a2980000)
 Metaspace       used 13992K, capacity 14476K, committed 14720K, reserved 1062912K
  class space    used 1924K, capacity 2068K, committed 2176K, reserved 1048576K
}
Event: 9.744 GC heap before
{Heap before GC invocations=7 (full 0):
 PSYoungGen      total 68096K, used 68068K [0x00000000e0000000, 0x00000000e4b00000, 0x0000000100000000)
  eden space 62464K, 100% used [0x00000000e0000000,0x00000000e3d00000,0x00000000e3d00000)
  from space 5632K, 99% used [0x00000000e4380000,0x00000000e48f9238,0x00000000e4900000)
  to   space 6656K, 0% used [0x00000000e3d00000,0x00000000e3d00000,0x00000000e4380000)
 ParOldGen       total 42496K, used 5106K [0x00000000a0000000, 0x00000000a2980000, 0x00000000e0000000)
  object space 42496K, 12% used [0x00000000a0000000,0x00000000a04fca28,0x00000000a2980000)
 Metaspace       used 18921K, capacity 19594K, committed 19840K, reserved 1067008K
  class space    used 2674K, capacity 2867K, committed 2944K, reserved 1048576K
Event: 9.768 GC heap after
Heap after GC invocations=7 (full 0):
 PSYoungGen      total 69120K, used 6637K [0x00000000e0000000, 0x00000000e8c00000, 0x0000000100000000)
  eden space 62464K, 0% used [0x00000000e0000000,0x00000000e0000000,0x00000000e3d00000)
  from space 6656K, 99% used [0x00000000e3d00000,0x00000000e437b710,0x00000000e4380000)
  to   space 9216K, 0% used [0x00000000e8300000,0x00000000e8300000,0x00000000e8c00000)
 ParOldGen       total 42496K, used 8129K [0x00000000a0000000, 0x00000000a2980000, 0x00000000e0000000)
  object space 42496K, 19% used [0x00000000a0000000,0x00000000a07f0700,0x00000000a2980000)
 Metaspace       used 18921K, capacity 19594K, committed 19840K, reserved 1067008K
  class space    used 2674K, capacity 2867K, committed 2944K, reserved 1048576K
}
Event: 10.774 GC heap before
{Heap before GC invocations=8 (full 0):
 PSYoungGen      total 69120K, used 31021K [0x00000000e0000000, 0x00000000e8c00000, 0x0000000100000000)
  eden space 62464K, 39% used [0x00000000e0000000,0x00000000e17cff20,0x00000000e3d00000)
  from space 6656K, 99% used [0x00000000e3d00000,0x00000000e437b710,0x00000000e4380000)
  to   space 9216K, 0% used [0x00000000e8300000,0x00000000e8300000,0x00000000e8c00000)
 ParOldGen       total 42496K, used 8129K [0x00000000a0000000, 0x00000000a2980000, 0x00000000e0000000)
  object space 42496K, 19% used [0x00000000a0000000,0x00000000a07f0700,0x00000000a2980000)
 Metaspace       used 20504K, capacity 21198K, committed 21296K, reserved 1067008K
  class space    used 2935K, capacity 3139K, committed 3200K, reserved 1048576K
Event: 10.790 GC heap after
Heap after GC invocations=8 (full 0):
 PSYoungGen      total 134144K, used 5377K [0x00000000e0000000, 0x00000000e8c00000, 0x0000000100000000)
  eden space 124928K, 0% used [0x00000000e0000000,0x00000000e0000000,0x00000000e7a00000)
  from space 9216K, 58% used [0x00000000e8300000,0x00000000e8840640,0x00000000e8c00000)
  to   space 9216K, 0% used [0x00000000e7a00000,0x00000000e7a00000,0x00000000e8300000)
 ParOldGen       total 42496K, used 8817K [0x00000000a0000000, 0x00000000a2980000, 0x00000000e0000000)
  object space 42496K, 20% used [0x00000000a0000000,0x00000000a089c700,0x00000000a2980000)
 Metaspace       used 20504K, capacity 21198K, committed 21296K, reserved 1067008K
  class space    used 2935K, capacity 3139K, committed 3200K, reserved 1048576K
}
Event: 10.790 GC heap before
{Heap before GC invocations=9 (full 1):
 PSYoungGen      total 134144K, used 5377K [0x00000000e0000000, 0x00000000e8c00000, 0x0000000100000000)
  eden space 124928K, 0% used [0x00000000e0000000,0x00000000e0000000,0x00000000e7a00000)
  from space 9216K, 58% used [0x00000000e8300000,0x00000000e8840640,0x00000000e8c00000)
  to   space 9216K, 0% used [0x00000000e7a00000,0x00000000e7a00000,0x00000000e8300000)
 ParOldGen       total 42496K, used 8817K [0x00000000a0000000, 0x00000000a2980000, 0x00000000e0000000)
  object space 42496K, 20% used [0x00000000a0000000,0x00000000a089c700,0x00000000a2980000)
 Metaspace       used 20504K, capacity 21198K, committed 21296K, reserved 1067008K
  class space    used 2935K, capacity 3139K, committed 3200K, reserved 1048576K
Event: 10.888 GC heap after
Heap after GC invocations=9 (full 1):
 PSYoungGen      total 134144K, used 0K [0x00000000e0000000, 0x00000000e8c00000, 0x0000000100000000)
  eden space 124928K, 0% used [0x00000000e0000000,0x00000000e0000000,0x00000000e7a00000)
  from space 9216K, 0% used [0x00000000e8300000,0x00000000e8300000,0x00000000e8c00000)
  to   space 9216K, 0% used [0x00000000e7a00000,0x00000000e7a00000,0x00000000e8300000)
 ParOldGen       total 36864K, used 10117K [0x00000000a0000000, 0x00000000a2400000, 0x00000000e0000000)
  object space 36864K, 27% used [0x00000000a0000000,0x00000000a09e16e0,0x00000000a2400000)
 Metaspace       used 20504K, capacity 21198K, committed 21296K, reserved 1067008K
  class space    used 2935K, capacity 3139K, committed 3200K, reserved 1048576K
}

